<?xml version="1.0" encoding="UTF-8"?>
<testng-results ignored="0" total="4" passed="4" failed="0" skipped="0">
  <reporter-output>
  </reporter-output>
  <suite started-at="2024-07-15T12:19:47 IST" name="My Suite" finished-at="2024-07-15T12:20:01 IST" duration-ms="13509">
    <groups>
    </groups>
    <test started-at="2024-07-15T12:19:47 IST" name="HomePageTest" finished-at="2024-07-15T12:19:55 IST" duration-ms="7984">
      <class name="com.CRM.TestCase.HomePageTestCase">
        <test-method is-config="true" signature="setup()[pri:0, instance:com.CRM.TestCase.HomePageTestCase@58d75e99]" started-at="2024-07-15T12:19:47 IST" name="setup" finished-at="2024-07-15T12:19:54 IST" duration-ms="6862" status="PASS">
          <reporter-output>
          </reporter-output>
        </test-method> <!-- setup -->
        <test-method signature="verifyUrl()[pri:1, instance:com.CRM.TestCase.HomePageTestCase@58d75e99]" started-at="2024-07-15T12:19:54 IST" name="verifyUrl" finished-at="2024-07-15T12:19:54 IST" duration-ms="28" status="PASS">
          <reporter-output>
          </reporter-output>
        </test-method> <!-- verifyUrl -->
        <test-method signature="verifyTitle()[pri:2, instance:com.CRM.TestCase.HomePageTestCase@58d75e99]" started-at="2024-07-15T12:19:54 IST" name="verifyTitle" finished-at="2024-07-15T12:19:54 IST" duration-ms="15" status="PASS">
          <reporter-output>
          </reporter-output>
        </test-method> <!-- verifyTitle -->
        <test-method signature="validateSignInLink()[pri:3, instance:com.CRM.TestCase.HomePageTestCase@58d75e99]" started-at="2024-07-15T12:19:54 IST" name="validateSignInLink" finished-at="2024-07-15T12:19:55 IST" duration-ms="1038" status="PASS">
          <reporter-output>
          </reporter-output>
        </test-method> <!-- validateSignInLink -->
      </class> <!-- com.CRM.TestCase.HomePageTestCase -->
    </test> <!-- HomePageTest -->
    <test started-at="2024-07-15T12:19:55 IST" name="LoginPageTest" finished-at="2024-07-15T12:20:01 IST" duration-ms="5451">
      <class name="com.CRM.TestCase.LoginPageTestCase">
        <test-method is-config="true" signature="setup()[pri:0, instance:com.CRM.TestCase.LoginPageTestCase@1151e434]" started-at="2024-07-15T12:19:55 IST" name="setup" finished-at="2024-07-15T12:19:58 IST" duration-ms="2991" status="PASS">
          <reporter-output>
          </reporter-output>
        </test-method> <!-- setup -->
        <test-method is-config="true" signature="pageSetup()[pri:0, instance:com.CRM.TestCase.LoginPageTestCase@1151e434]" started-at="2024-07-15T12:19:58 IST" name="pageSetup" finished-at="2024-07-15T12:19:59 IST" duration-ms="1113" status="PASS">
          <reporter-output>
          </reporter-output>
        </test-method> <!-- pageSetup -->
        <test-method signature="validateLogin()[pri:0, instance:com.CRM.TestCase.LoginPageTestCase@1151e434]" started-at="2024-07-15T12:19:59 IST" name="validateLogin" finished-at="2024-07-15T12:20:01 IST" duration-ms="1343" status="PASS">
          <reporter-output>
          </reporter-output>
        </test-method> <!-- validateLogin -->
      </class> <!-- com.CRM.TestCase.LoginPageTestCase -->
    </test> <!-- LoginPageTest -->
  </suite> <!-- My Suite -->
</testng-results>
