<?xml version="1.0" encoding="UTF-8"?>
<testng-results ignored="0" total="4" passed="4" failed="0" skipped="0">
  <reporter-output>
  </reporter-output>
  <suite started-at="2024-07-22T00:10:41 IST" name="My Suite" finished-at="2024-07-22T00:10:52 IST" duration-ms="11888">
    <groups>
    </groups>
    <test started-at="2024-07-22T00:10:41 IST" name="HomePageTest" finished-at="2024-07-22T00:10:46 IST" duration-ms="5756">
      <class name="com.CRM.TestCase.HomePageTestCase">
        <test-method is-config="true" signature="setup()[pri:0, instance:com.CRM.TestCase.HomePageTestCase@7db12bb6]" started-at="2024-07-22T00:10:41 IST" name="setup" finished-at="2024-07-22T00:10:45 IST" duration-ms="4535" status="PASS">
          <reporter-output>
          </reporter-output>
        </test-method> <!-- setup -->
        <test-method signature="verifyUrl()[pri:1, instance:com.CRM.TestCase.HomePageTestCase@7db12bb6]" started-at="2024-07-22T00:10:45 IST" name="verifyUrl" finished-at="2024-07-22T00:10:45 IST" duration-ms="28" status="PASS">
          <reporter-output>
          </reporter-output>
        </test-method> <!-- verifyUrl -->
        <test-method signature="verifyTitle()[pri:2, instance:com.CRM.TestCase.HomePageTestCase@7db12bb6]" started-at="2024-07-22T00:10:45 IST" name="verifyTitle" finished-at="2024-07-22T00:10:45 IST" duration-ms="13" status="PASS">
          <reporter-output>
          </reporter-output>
        </test-method> <!-- verifyTitle -->
        <test-method signature="validateSignInLink()[pri:3, instance:com.CRM.TestCase.HomePageTestCase@7db12bb6]" started-at="2024-07-22T00:10:45 IST" name="validateSignInLink" finished-at="2024-07-22T00:10:46 IST" duration-ms="1121" status="PASS">
          <reporter-output>
          </reporter-output>
        </test-method> <!-- validateSignInLink -->
      </class> <!-- com.CRM.TestCase.HomePageTestCase -->
    </test> <!-- HomePageTest -->
    <test started-at="2024-07-22T00:10:46 IST" name="LoginPageTest" finished-at="2024-07-22T00:10:52 IST" duration-ms="6049">
      <class name="com.CRM.TestCase.LoginPageTestCase">
        <test-method is-config="true" signature="setup()[pri:0, instance:com.CRM.TestCase.LoginPageTestCase@6892b3b6]" started-at="2024-07-22T00:10:46 IST" name="setup" finished-at="2024-07-22T00:10:49 IST" duration-ms="3062" status="PASS">
          <reporter-output>
          </reporter-output>
        </test-method> <!-- setup -->
        <test-method is-config="true" signature="pageSetup()[pri:0, instance:com.CRM.TestCase.LoginPageTestCase@6892b3b6]" started-at="2024-07-22T00:10:49 IST" name="pageSetup" finished-at="2024-07-22T00:10:51 IST" duration-ms="1311" status="PASS">
          <reporter-output>
          </reporter-output>
        </test-method> <!-- pageSetup -->
        <test-method signature="validateLogin()[pri:0, instance:com.CRM.TestCase.LoginPageTestCase@6892b3b6]" started-at="2024-07-22T00:10:51 IST" name="validateLogin" finished-at="2024-07-22T00:10:52 IST" duration-ms="1672" status="PASS">
          <reporter-output>
          </reporter-output>
        </test-method> <!-- validateLogin -->
      </class> <!-- com.CRM.TestCase.LoginPageTestCase -->
    </test> <!-- LoginPageTest -->
  </suite> <!-- My Suite -->
</testng-results>
